INFO:root:networkx_create_directed_graph #Nodes: 7115
INFO:root:networkx_create_directed_graph #Edges: 103689
INFO:root:networkx_create_undirected_graph #Nodes: 7115
INFO:root:networkx_create_undirected_graph #Edges: 100762
INFO:root:undirected graph #number of self_loop: 0
INFO:root:directed graph #number of self_loop: 0
INFO:root:#number of connected components: 24
INFO:root:#node number of largest connected components: 7066
INFO:root:#edge number of largest connected components: 100736
INFO:root:all nodes' degree: [0, 2315, 641, 387, 245, 165, 160, 138, 111, 89, 110, 86, 93, 64, 65, 59, 53, 47, 56, 33, 44, 42, 41, 28, 38, 26, 38, 31, 39, 37, 32, 36, 22, 28, 26, 20, 22, 29, 25, 29, 25, 27, 27, 23, 30, 28, 26, 27, 28, 22, 27, 26, 27, 16, 21, 26, 18, 28, 24, 17, 22, 24, 13, 19, 22, 13, 24, 22, 7, 16, 22, 15, 21, 17, 10, 18, 11, 13, 10, 15, 12, 15, 5, 8, 12, 11, 10, 19, 7, 16, 5, 8, 8, 11, 7, 6, 10, 10, 10, 8, 9, 8, 3, 10, 8, 9, 4, 8, 4, 9, 7, 6, 9, 5, 12, 9, 8, 5, 9, 8, 3, 6, 4, 7, 7, 4, 12, 0, 3, 3, 5, 2, 2, 5, 3, 2, 3, 0, 5, 6, 2, 4, 3, 3, 8, 2, 5, 8, 3, 3, 4, 0, 3, 1, 4, 1, 3, 5, 2, 4, 4, 1, 4, 4, 3, 0, 1, 2, 3, 2, 1, 2, 3, 2, 0, 3, 1, 2, 2, 4, 1, 4, 1, 0, 1, 0, 3, 2, 1, 2, 4, 3, 2, 3, 4, 3, 0, 2, 0, 1, 1, 0, 3, 1, 4, 4, 1, 1, 2, 0, 2, 2, 4, 1, 2, 0, 2, 2, 2, 1, 0, 2, 1, 1, 3, 0, 2, 3, 2, 1, 2, 1, 1, 2, 1, 0, 0, 0, 2, 1, 0, 0, 0, 1, 2, 1, 1, 1, 2, 1, 1, 1, 0, 1, 1, 1, 1, 2, 1, 0, 1, 0, 0, 3, 1, 1, 2, 0, 2, 1, 0, 1, 0, 0, 2, 3, 1, 0, 0, 0, 0, 1, 0, 0, 0, 0, 0, 1, 1, 0, 0, 2, 1, 0, 0, 0, 0, 1, 3, 0, 0, 0, 1, 1, 0, 1, 0, 0, 0, 2, 0, 2, 0, 0, 3, 0, 0, 0, 1, 0, 0, 1, 0, 0, 0, 0, 0, 0, 1, 0, 0, 1, 1, 0, 1, 0, 0, 0, 0, 0, 0, 0, 0, 0, 0, 0, 1, 0, 0, 0, 0, 0, 1, 1, 0, 0, 1, 0, 0, 0, 0, 2, 1, 0, 0, 1, 0, 0, 1, 0, 0, 0, 1, 0, 0, 0, 0, 0, 1, 0, 0, 0, 0, 0, 1, 0, 0, 1, 0, 0, 0, 0, 0, 0, 0, 1, 0, 0, 0, 3, 0, 0, 0, 1, 0, 0, 1, 0, 0, 0, 2, 0, 0, 0, 1, 0, 0, 0, 0, 0, 0, 0, 0, 0, 0, 1, 0, 0, 0, 0, 0, 0, 0, 0, 0, 1, 0, 0, 0, 0, 0, 0, 0, 0, 0, 0, 1, 0, 0, 0, 0, 0, 0, 0, 0, 0, 0, 0, 0, 0, 0, 0, 0, 0, 0, 0, 0, 1, 0, 0, 0, 0, 0, 0, 0, 0, 0, 1, 0, 0, 0, 0, 0, 0, 0, 0, 0, 0, 0, 0, 0, 0, 0, 0, 0, 1, 0, 0, 0, 0, 0, 0, 0, 0, 0, 0, 0, 0, 0, 0, 0, 0, 0, 0, 0, 0, 0, 1, 0, 0, 0, 0, 0, 0, 0, 0, 0, 0, 0, 0, 0, 0, 0, 1, 0, 0, 0, 0, 0, 0, 0, 0, 0, 0, 0, 0, 0, 0, 0, 0, 0, 0, 0, 0, 0, 0, 0, 0, 0, 0, 0, 0, 0, 0, 0, 0, 0, 0, 0, 0, 0, 0, 0, 0, 0, 0, 0, 0, 0, 0, 0, 0, 0, 0, 0, 0, 0, 0, 0, 0, 0, 0, 0, 0, 0, 0, 0, 0, 0, 0, 0, 0, 0, 0, 0, 0, 0, 0, 0, 0, 0, 0, 0, 0, 0, 0, 0, 0, 1, 0, 0, 0, 0, 0, 0, 0, 0, 0, 0, 0, 0, 0, 0, 0, 0, 0, 0, 0, 0, 0, 0, 0, 0, 0, 0, 0, 0, 0, 0, 0, 0, 0, 0, 0, 0, 0, 0, 0, 0, 0, 0, 0, 0, 0, 0, 0, 0, 0, 0, 0, 0, 0, 0, 0, 0, 0, 0, 0, 0, 0, 0, 0, 0, 0, 0, 0, 0, 0, 1, 0, 0, 0, 0, 0, 0, 0, 0, 0, 0, 0, 0, 0, 0, 0, 0, 0, 0, 0, 0, 0, 0, 0, 0, 0, 0, 0, 0, 0, 0, 0, 0, 0, 0, 0, 0, 0, 0, 0, 0, 0, 0, 0, 1, 0, 0, 0, 0, 0, 0, 0, 1, 0, 0, 1, 0, 0, 0, 0, 0, 0, 0, 0, 0, 0, 0, 0, 0, 0, 0, 0, 0, 0, 0, 0, 0, 0, 0, 0, 0, 0, 0, 0, 0, 1, 0, 0, 0, 0, 0, 0, 0, 0, 0, 0, 0, 0, 0, 0, 0, 0, 0, 0, 0, 0, 0, 0, 0, 0, 0, 0, 0, 0, 0, 0, 0, 0, 0, 0, 0, 0, 0, 0, 0, 0, 0, 0, 0, 0, 0, 0, 0, 0, 0, 0, 0, 0, 0, 0, 0, 0, 0, 0, 0, 0, 0, 0, 0, 0, 0, 0, 0, 0, 0, 0, 0, 0, 0, 0, 0, 0, 0, 0, 0, 0, 0, 0, 0, 0, 0, 0, 0, 0, 0, 0, 0, 0, 0, 0, 0, 0, 0, 0, 0, 0, 0, 0, 0, 0, 0, 0, 0, 0, 0, 0, 0, 0, 0, 0, 0, 0, 0, 0, 0, 0, 0, 0, 0, 0, 0, 0, 0, 0, 0, 0, 0, 0, 0, 0, 0, 0, 0, 0, 0, 0, 0, 0, 0, 0, 0, 0, 0, 0, 0, 0, 0, 0, 0, 0, 0, 0, 0, 0, 0, 0, 0, 0, 0, 0, 0, 0, 0, 0, 0, 0, 0, 0, 0, 0, 0, 0, 0, 0, 0, 0, 0, 0, 0, 0, 0, 0, 0, 0, 0, 0, 0, 0, 0, 0, 0, 0, 0, 0, 0, 0, 0, 0, 0, 0, 0, 0, 0, 0, 0, 0, 0, 0, 0, 0, 0, 0, 0, 0, 0, 0, 0, 0, 0, 0, 0, 0, 0, 0, 0, 0, 0, 0, 0, 0, 0, 0, 0, 0, 0, 0, 0, 0, 0, 0, 0, 0, 0, 0, 0, 0, 0, 0, 0, 0, 0, 0, 0, 0, 0, 0, 0, 0, 0, 0, 0, 0, 0, 0, 0, 0, 0, 0, 0, 0, 0, 0, 0, 0, 0, 0, 0, 0, 0, 0, 0, 0, 0, 0, 0, 0, 0, 1]
INFO:root:maximum degree: 28.32382290934645
INFO:root:average degree: 28.32382290934645
INFO:root:alpha: 3.9199467200585927
INFO:root:xmin: 202.0
INFO:root:fit_method: Likelihood
INFO:root:networkx_create_directed_graph #Nodes: 7115
INFO:root:networkx_create_directed_graph #Edges: 103689
INFO:root:networkx_create_undirected_graph #Nodes: 7115
INFO:root:networkx_create_undirected_graph #Edges: 100762
INFO:root:undirected graph #number of self_loop: 0
INFO:root:directed graph #number of self_loop: 0
INFO:root:#number of connected components: 24
INFO:root:#node number of largest connected components: 7066
INFO:root:#edge number of largest connected components: 100736
INFO:root:all nodes' degree: [0, 2315, 641, 387, 245, 165, 160, 138, 111, 89, 110, 86, 93, 64, 65, 59, 53, 47, 56, 33, 44, 42, 41, 28, 38, 26, 38, 31, 39, 37, 32, 36, 22, 28, 26, 20, 22, 29, 25, 29, 25, 27, 27, 23, 30, 28, 26, 27, 28, 22, 27, 26, 27, 16, 21, 26, 18, 28, 24, 17, 22, 24, 13, 19, 22, 13, 24, 22, 7, 16, 22, 15, 21, 17, 10, 18, 11, 13, 10, 15, 12, 15, 5, 8, 12, 11, 10, 19, 7, 16, 5, 8, 8, 11, 7, 6, 10, 10, 10, 8, 9, 8, 3, 10, 8, 9, 4, 8, 4, 9, 7, 6, 9, 5, 12, 9, 8, 5, 9, 8, 3, 6, 4, 7, 7, 4, 12, 0, 3, 3, 5, 2, 2, 5, 3, 2, 3, 0, 5, 6, 2, 4, 3, 3, 8, 2, 5, 8, 3, 3, 4, 0, 3, 1, 4, 1, 3, 5, 2, 4, 4, 1, 4, 4, 3, 0, 1, 2, 3, 2, 1, 2, 3, 2, 0, 3, 1, 2, 2, 4, 1, 4, 1, 0, 1, 0, 3, 2, 1, 2, 4, 3, 2, 3, 4, 3, 0, 2, 0, 1, 1, 0, 3, 1, 4, 4, 1, 1, 2, 0, 2, 2, 4, 1, 2, 0, 2, 2, 2, 1, 0, 2, 1, 1, 3, 0, 2, 3, 2, 1, 2, 1, 1, 2, 1, 0, 0, 0, 2, 1, 0, 0, 0, 1, 2, 1, 1, 1, 2, 1, 1, 1, 0, 1, 1, 1, 1, 2, 1, 0, 1, 0, 0, 3, 1, 1, 2, 0, 2, 1, 0, 1, 0, 0, 2, 3, 1, 0, 0, 0, 0, 1, 0, 0, 0, 0, 0, 1, 1, 0, 0, 2, 1, 0, 0, 0, 0, 1, 3, 0, 0, 0, 1, 1, 0, 1, 0, 0, 0, 2, 0, 2, 0, 0, 3, 0, 0, 0, 1, 0, 0, 1, 0, 0, 0, 0, 0, 0, 1, 0, 0, 1, 1, 0, 1, 0, 0, 0, 0, 0, 0, 0, 0, 0, 0, 0, 1, 0, 0, 0, 0, 0, 1, 1, 0, 0, 1, 0, 0, 0, 0, 2, 1, 0, 0, 1, 0, 0, 1, 0, 0, 0, 1, 0, 0, 0, 0, 0, 1, 0, 0, 0, 0, 0, 1, 0, 0, 1, 0, 0, 0, 0, 0, 0, 0, 1, 0, 0, 0, 3, 0, 0, 0, 1, 0, 0, 1, 0, 0, 0, 2, 0, 0, 0, 1, 0, 0, 0, 0, 0, 0, 0, 0, 0, 0, 1, 0, 0, 0, 0, 0, 0, 0, 0, 0, 1, 0, 0, 0, 0, 0, 0, 0, 0, 0, 0, 1, 0, 0, 0, 0, 0, 0, 0, 0, 0, 0, 0, 0, 0, 0, 0, 0, 0, 0, 0, 0, 1, 0, 0, 0, 0, 0, 0, 0, 0, 0, 1, 0, 0, 0, 0, 0, 0, 0, 0, 0, 0, 0, 0, 0, 0, 0, 0, 0, 1, 0, 0, 0, 0, 0, 0, 0, 0, 0, 0, 0, 0, 0, 0, 0, 0, 0, 0, 0, 0, 0, 1, 0, 0, 0, 0, 0, 0, 0, 0, 0, 0, 0, 0, 0, 0, 0, 1, 0, 0, 0, 0, 0, 0, 0, 0, 0, 0, 0, 0, 0, 0, 0, 0, 0, 0, 0, 0, 0, 0, 0, 0, 0, 0, 0, 0, 0, 0, 0, 0, 0, 0, 0, 0, 0, 0, 0, 0, 0, 0, 0, 0, 0, 0, 0, 0, 0, 0, 0, 0, 0, 0, 0, 0, 0, 0, 0, 0, 0, 0, 0, 0, 0, 0, 0, 0, 0, 0, 0, 0, 0, 0, 0, 0, 0, 0, 0, 0, 0, 0, 0, 0, 1, 0, 0, 0, 0, 0, 0, 0, 0, 0, 0, 0, 0, 0, 0, 0, 0, 0, 0, 0, 0, 0, 0, 0, 0, 0, 0, 0, 0, 0, 0, 0, 0, 0, 0, 0, 0, 0, 0, 0, 0, 0, 0, 0, 0, 0, 0, 0, 0, 0, 0, 0, 0, 0, 0, 0, 0, 0, 0, 0, 0, 0, 0, 0, 0, 0, 0, 0, 0, 0, 1, 0, 0, 0, 0, 0, 0, 0, 0, 0, 0, 0, 0, 0, 0, 0, 0, 0, 0, 0, 0, 0, 0, 0, 0, 0, 0, 0, 0, 0, 0, 0, 0, 0, 0, 0, 0, 0, 0, 0, 0, 0, 0, 0, 1, 0, 0, 0, 0, 0, 0, 0, 1, 0, 0, 1, 0, 0, 0, 0, 0, 0, 0, 0, 0, 0, 0, 0, 0, 0, 0, 0, 0, 0, 0, 0, 0, 0, 0, 0, 0, 0, 0, 0, 0, 1, 0, 0, 0, 0, 0, 0, 0, 0, 0, 0, 0, 0, 0, 0, 0, 0, 0, 0, 0, 0, 0, 0, 0, 0, 0, 0, 0, 0, 0, 0, 0, 0, 0, 0, 0, 0, 0, 0, 0, 0, 0, 0, 0, 0, 0, 0, 0, 0, 0, 0, 0, 0, 0, 0, 0, 0, 0, 0, 0, 0, 0, 0, 0, 0, 0, 0, 0, 0, 0, 0, 0, 0, 0, 0, 0, 0, 0, 0, 0, 0, 0, 0, 0, 0, 0, 0, 0, 0, 0, 0, 0, 0, 0, 0, 0, 0, 0, 0, 0, 0, 0, 0, 0, 0, 0, 0, 0, 0, 0, 0, 0, 0, 0, 0, 0, 0, 0, 0, 0, 0, 0, 0, 0, 0, 0, 0, 0, 0, 0, 0, 0, 0, 0, 0, 0, 0, 0, 0, 0, 0, 0, 0, 0, 0, 0, 0, 0, 0, 0, 0, 0, 0, 0, 0, 0, 0, 0, 0, 0, 0, 0, 0, 0, 0, 0, 0, 0, 0, 0, 0, 0, 0, 0, 0, 0, 0, 0, 0, 0, 0, 0, 0, 0, 0, 0, 0, 0, 0, 0, 0, 0, 0, 0, 0, 0, 0, 0, 0, 0, 0, 0, 0, 0, 0, 0, 0, 0, 0, 0, 0, 0, 0, 0, 0, 0, 0, 0, 0, 0, 0, 0, 0, 0, 0, 0, 0, 0, 0, 0, 0, 0, 0, 0, 0, 0, 0, 0, 0, 0, 0, 0, 0, 0, 0, 0, 0, 0, 0, 0, 0, 0, 0, 0, 0, 0, 0, 0, 0, 0, 0, 0, 0, 0, 0, 0, 0, 0, 0, 0, 0, 0, 0, 0, 0, 0, 0, 0, 0, 0, 0, 0, 0, 0, 0, 0, 0, 0, 0, 0, 0, 0, 1]
INFO:root:maximum degree: 28.32382290934645
INFO:root:average degree: 28.32382290934645
INFO:root:alpha: 3.9199467200585927
INFO:root:xmin: 202.0
INFO:root:fit_method: Likelihood
INFO:root:graph diameter: 7
INFO:root:graph average shortest path length: 3.247509990226615
INFO:root:graph average clustering coefficient: 0.14089784589308738
